<?xml version="1.0" encoding="utf-8"?><testsuites name="pytest tests"><testsuite name="pytest" errors="0" failures="0" skipped="0" tests="15" time="2.620" timestamp="2026-04-19T13:41:53.865430+00:00" hostname="agent-env-9b5b945e-dd25-4035-a42d-19836911e10d"><testcase classname="backend.tests.test_hardtek.TestHealth" name="test_root_health" time="0.160" /><testcase classname="backend.tests.test_hardtek.TestContactPublic" name="test_post_contact_valid" time="0.051" /><testcase classname="backend.tests.test_hardtek.TestContactPublic" name="test_post_contact_no_service" time="0.047" /><testcase classname="backend.tests.test_hardtek.TestContactPublic" name="test_post_contact_invalid_email" time="0.043" /><testcase classname="backend.tests.test_hardtek.TestContactPublic" name="test_post_contact_missing_name" time="0.041" /><testcase classname="backend.tests.test_hardtek.TestContactPublic" name="test_post_contact_missing_message" time="0.044" /><testcase classname="backend.tests.test_hardtek.TestContactPublic" name="test_get_contact_without_auth" time="0.149" /><testcase classname="backend.tests.test_hardtek.TestAuth" name="test_login_success" time="0.345" /><testcase classname="backend.tests.test_hardtek.TestAuth" name="test_login_wrong_password" time="0.375" /><testcase classname="backend.tests.test_hardtek.TestAuth" name="test_login_wrong_email" time="0.156" /><testcase classname="backend.tests.test_hardtek.TestAuthenticatedEndpoints" name="test_get_me_after_login" time="0.317" /><testcase classname="backend.tests.test_hardtek.TestAuthenticatedEndpoints" name="test_get_contact_list_authenticated" time="0.041" /><testcase classname="backend.tests.test_hardtek.TestAuthenticatedEndpoints" name="test_delete_contact_message" time="0.166" /><testcase classname="backend.tests.test_hardtek.TestAuthenticatedEndpoints" name="test_delete_nonexistent_message" time="0.043" /><testcase classname="backend.tests.test_hardtek.TestLogout" name="test_logout" time="0.537" /></testsuite></testsuites>